[2016-01-10 10:33:54] START
[2016-01-18 13:43:26] EDIT test_catalog/models/db.py: -1
[2016-01-18 13:45:31] EDIT test_catalog/models/db.py: 0
[2016-01-18 13:46:10] EDIT test_catalog/models/db.py: 0
[2016-01-18 13:46:33] EDIT test_catalog/models/db.py: 0
[2016-01-18 13:56:06] EDIT test_catalog/models/db.py: 0
[2016-01-18 13:56:53] EDIT test_catalog/models/db.py: 0
[2016-01-18 13:57:32] EDIT test_catalog/models/db.py: 4
[2016-01-18 13:58:28] EDIT test_catalog/models/db.py: 0
[2016-01-18 13:58:30] EDIT test_catalog/models/db.py: 0
[2016-01-18 13:59:54] EDIT test_catalog/models/db1.py: 0
[2016-01-18 13:59:57] EDIT test_catalog/models/db1.py: 0
[2016-01-28 10:12:54] CREATE default/scheda_esami.html: 0
[2016-08-04 13:22:20] EDIT test_catalog/models/db.py: 0
[2016-08-04 13:22:25] EDIT test_catalog/models/db.py: 0
[2016-08-30 09:42:47] EDIT Catalogo_Prestazioni/views/default/view_container.html: 2
[2017-04-18 10:53:51] EDIT Catalogo_Prestazioni/controllers/gestione.py: 15
[2017-04-18 10:58:26] EDIT Catalogo_Prestazioni/controllers/gestione.py: 1
[2017-04-18 10:58:39] EDIT Catalogo_Prestazioni/controllers/gestione.py: 0
[2017-04-18 11:01:48] EDIT Catalogo_Prestazioni/controllers/gestione.py: 0
[2017-04-18 11:07:53] EDIT Catalogo_Prestazioni/controllers/gestione.py: 2
[2017-04-18 11:08:38] EDIT Catalogo_Prestazioni/controllers/gestione.py: 0
[2017-04-18 11:09:47] EDIT Catalogo_Prestazioni/controllers/gestione.py: 0
[2017-04-18 11:12:41] EDIT Catalogo_Prestazioni/controllers/gestione.py: 0
[2017-04-18 11:14:03] EDIT Catalogo_Prestazioni/controllers/gestione.py: 0
[2017-04-18 11:14:14] EDIT Catalogo_Prestazioni/controllers/gestione.py: 0
[2017-04-18 11:15:27] EDIT Catalogo_Prestazioni/controllers/gestione.py: 0
[2017-04-18 11:15:49] EDIT Catalogo_Prestazioni/controllers/gestione.py: 0
[2017-04-18 11:16:01] EDIT Catalogo_Prestazioni/controllers/gestione.py: 2
[2017-04-18 11:16:26] EDIT Catalogo_Prestazioni/controllers/gestione.py: 0
[2017-04-18 11:24:24] EDIT Catalogo_Prestazioni/controllers/gestione.py: 1
[2017-04-18 11:24:29] EDIT Catalogo_Prestazioni/controllers/gestione.py: 0
[2017-04-18 11:24:48] EDIT Catalogo_Prestazioni/controllers/gestione.py: 0
[2017-04-18 11:25:23] EDIT Catalogo_Prestazioni/controllers/gestione.py: -3
[2017-04-18 11:25:57] EDIT Catalogo_Prestazioni/controllers/gestione.py: 0
[2017-04-18 11:26:50] EDIT Catalogo_Prestazioni/controllers/gestione.py: 1
[2017-04-18 11:27:11] EDIT Catalogo_Prestazioni/controllers/gestione.py: 0
[2017-04-18 11:27:42] EDIT Catalogo_Prestazioni/controllers/gestione.py: 0
[2017-04-18 11:27:52] EDIT Catalogo_Prestazioni/controllers/gestione.py: 0
[2017-04-18 11:30:05] EDIT Catalogo_Prestazioni/controllers/gestione.py: 0
[2017-04-18 11:32:52] EDIT Catalogo_Prestazioni/controllers/gestione.py: 0
[2017-04-18 11:36:35] EDIT Catalogo_Prestazioni/controllers/gestione.py: 0
[2017-04-18 11:42:53] EDIT Catalogo_Prestazioni/controllers/gestione.py: -1
[2017-04-18 11:43:05] EDIT Catalogo_Prestazioni/controllers/gestione.py: 0
[2017-04-18 11:43:31] EDIT Catalogo_Prestazioni/controllers/gestione.py: 0
[2017-04-18 11:44:03] EDIT Catalogo_Prestazioni/controllers/gestione.py: 0
[2017-04-18 11:44:09] EDIT Catalogo_Prestazioni/controllers/gestione.py: 0
[2017-04-18 11:47:24] EDIT Catalogo_Prestazioni/controllers/gestione.py: 1
[2017-04-18 11:49:33] EDIT Catalogo_Prestazioni/controllers/gestione.py: 3
[2017-04-18 11:50:43] EDIT Catalogo_Prestazioni/controllers/gestione.py: 0
[2017-04-18 11:51:09] EDIT Catalogo_Prestazioni/controllers/gestione.py: 0
[2017-04-18 11:51:27] EDIT Catalogo_Prestazioni/controllers/gestione.py: 0
[2017-04-18 11:53:06] EDIT Catalogo_Prestazioni/controllers/gestione.py: -2
[2017-04-18 11:53:14] EDIT Catalogo_Prestazioni/controllers/gestione.py: 0
[2017-04-18 11:54:11] EDIT Catalogo_Prestazioni/controllers/gestione.py: 0
[2017-04-18 11:58:20] EDIT Catalogo_Prestazioni/controllers/gestione.py: 2
[2017-04-18 12:01:47] EDIT Catalogo_Prestazioni/controllers/gestione.py: 0
[2017-04-18 12:02:01] EDIT Catalogo_Prestazioni/controllers/gestione.py: 0
[2017-04-18 12:04:47] EDIT Catalogo_Prestazioni/controllers/gestione.py: 2
[2017-04-18 12:05:01] EDIT Catalogo_Prestazioni/controllers/gestione.py: 0
